2018-12-02 18:37:59 Функция converter аргументы: (10.58, 'euro', 'dollar'),  результат: ['euro', 10.58, 'dollar', 12.045331629930788] 
2018-12-02 18:39:31 Функция converter аргументы: (10.58, 'euro', 'dollar'),  результат: ['euro', 10.58, 'dollar', 12.045331629930788]
2018-12-03 21:53:54 Функция converter аргументы: (10.58, 'euro', 'dollar'),  результат: ['euro', 10.58, 'dollar', 12.045331629930788] 
2018-12-03 21:54:02 Функция converter аргументы: (100, 'rub', 'dollar'),  результат: ['rub', 100, 'dollar', 1.503002246988359] 
2018-12-03 21:54:02 Функция converter аргументы: (90, 'rub', 'euro'),  результат: ['rub', 90, 'euro', 1.1881439079901357] 
2018-12-03 21:54:02 Функция converter аргументы: (10000, 'rubley', 'dollar'),  результат: None 
2018-12-03 21:54:02 Функция converter аргументы: (1000000, 'euro', 'rub'),  результат: ['euro', 1000000, 'rub', 75748400.0] 
2018-12-13 19:21:11 Функция converter аргументы: (10.58, 'euro', 'dollar'),  результат: ['euro', 10.58, 'dollar', 12.031579811169053] 
2018-12-13 19:21:11 Функция converter аргументы: (100, 'rub', 'dollar'),  результат: ['rub', 100, 'dollar', 1.5084753688599395] 
2018-12-13 19:21:11 Функция converter аргументы: (90, 'rub', 'euro'),  результат: ['rub', 90, 'euro', 1.193833452274518] 
2018-12-13 19:21:11 Функция converter аргументы: (10000, 'rubley', 'dollar'),  результат: None 
2018-12-13 19:21:11 Функция converter аргументы: (1000000, 'euro', 'rub'),  результат: ['euro', 1000000, 'rub', 75387400.0] 
2018-12-13 19:33:12 Функция converter аргументы: (10.58, 'euro', 'dollar'),  результат: ['euro', 10.58, 'dollar', 12.03898766885518] 
2018-12-13 19:33:12 Функция converter аргументы: (100, 'rub', 'dollar'),  результат: ['rub', 100, 'dollar', 1.5093200513168818] 
2018-12-13 19:33:12 Функция converter аргументы: (90, 'rub', 'euro'),  результат: ['rub', 90, 'euro', 1.1937669448585786] 
2018-12-13 19:33:12 Функция converter аргументы: (10000, 'rubley', 'dollar'),  результат: None 
2018-12-13 19:33:12 Функция converter аргументы: (1000000, 'euro', 'rub'),  результат: ['euro', 1000000, 'rub', 75391600.0] 
2018-12-13 19:33:16 Функция converter аргументы: (10.58, 'euro', 'dollar'),  результат: ['euro', 10.58, 'dollar', 12.03898766885518] 
2018-12-13 19:33:16 Функция converter аргументы: (100, 'rub', 'dollar'),  результат: ['rub', 100, 'dollar', 1.5093200513168818] 
2018-12-13 19:33:16 Функция converter аргументы: (90, 'rub', 'euro'),  результат: ['rub', 90, 'euro', 1.1937669448585786] 
2018-12-13 19:33:16 Функция converter аргументы: (10000, 'rubley', 'dollar'),  результат: None 
2018-12-13 19:33:16 Функция converter аргументы: (1000000, 'euro', 'rub'),  результат: ['euro', 1000000, 'rub', 75391600.0] 
2018-12-16 16:02:02 Функция converter аргументы: (10.58, 'euro', 'dollar'),  результат: ['euro', 10.58, 'dollar', 12.03898766885518] 
2018-12-16 16:02:03 Функция converter аргументы: (100, 'rub', 'dollar'),  результат: ['rub', 100, 'dollar', 1.5093200513168818] 
2018-12-16 16:02:03 Функция converter аргументы: (90, 'rub', 'euro'),  результат: ['rub', 90, 'euro', 1.1937669448585786] 
2018-12-16 16:02:03 Функция converter аргументы: (10000, 'rubley', 'dollar'),  результат: None 
2018-12-16 16:02:03 Функция converter аргументы: (1000000, 'euro', 'rub'),  результат: ['euro', 1000000, 'rub', 75391600.0] 
2018-12-21 14:03:26 Функция converter аргументы: (10.58, 'euro', 'dollar'),  результат: ['euro', 10.58, 'dollar', 12.006189930712875] 
2018-12-21 14:03:26 Функция converter аргументы: (100, 'rub', 'dollar'),  результат: ['rub', 100, 'dollar', 1.5052601315296301] 
2018-12-21 14:03:27 Функция converter аргументы: (90, 'rub', 'euro'),  результат: ['rub', 90, 'euro', 1.1938081152422768] 
2018-12-21 14:03:27 Функция converter аргументы: (10000, 'rubley', 'dollar'),  результат: None 
2018-12-21 14:03:28 Функция converter аргументы: (1000000, 'euro', 'rub'),  результат: ['euro', 1000000, 'rub', 75389000.0] 
2018-12-21 14:04:32 Функция converter аргументы: (10.58, 'euro', 'dollar'),  результат: ['euro', 10.58, 'dollar', 12.12996296051229] 
2018-12-21 14:04:32 Функция converter аргументы: (100, 'rub', 'dollar'),  результат: ['rub', 100, 'dollar', 1.4704044347397753] 
2018-12-21 14:04:57 Функция converter аргументы: (21, 'euro', 'dollar'),  результат: ['euro', 21, 'dollar', 24.07648602748186] 
2018-12-21 14:04:58 Функция converter аргументы: (115, 'rub', 'dollar'),  результат: ['rub', 115, 'dollar', 1.6909650999507415] 
2018-12-22 10:44:48 Функция converter аргументы: (21, 'euro', 'dollar'),  результат: ['euro', 21, 'dollar', 24.07648602748186] 
2018-12-22 10:44:48 Функция converter аргументы: (115, 'rub', 'dollar'),  результат: ['rub', 115, 'dollar', 1.6909650999507415] 
